Compiled on Apr 23 2020 at 02:42:48
Launched in Engine\
Answered : MESSAGE Detected following devices : CPU : GenuineIntel : 4 x AVX with 4043MB of memory
Answered : MESSAGE Using : CPU : GenuineIntel : 4 x AVX with 4043MB of memory
Got : START 15
Answered : OK
Got : INFO max_memory 2146435072
Got : INFO timeout_match 60000
Got : INFO timeout_turn 60000
Got : INFO game_type 0
Got : INFO rule 1
Got : INFO time_left 60000
Got : BOARD
Got : 14,7,2
Got : 14,8,1
Got : 11,12,2
Got : DONE
Overall 222 children
sum of visits = 0
BEST
CIRCLE (9, 10) Q=0% : H=0.65 : Visit=0 : 0
CIRCLE (9, 11) Q=0% : H=0.118 : Visit=0 : 0
CIRCLE (10, 10) Q=0% : H=0.074 : Visit=0 : 0
CIRCLE (10, 9) Q=0% : H=0.072 : Visit=0 : 0
CIRCLE (8, 10) Q=0% : H=0.05 : Visit=0 : 0
CIRCLE (9, 9) Q=0% : H=0.01 : Visit=0 : 0
CIRCLE (9, 8) Q=0% : H=0.007 : Visit=0 : 0
CIRCLE (8, 11) Q=0% : H=0.005 : Visit=0 : 0
CIRCLE (7, 10) Q=0% : H=0.002 : Visit=0 : 0
CIRCLE (6, 10) Q=0% : H=0.001 : Visit=0 : 0
WORST
CIRCLE (7, 1) Q=0% : H=0 : Visit=0 : 0
CIRCLE (3, 6) Q=0% : H=0 : Visit=0 : 0
CIRCLE (6, 1) Q=0% : H=0 : Visit=0 : 0
CIRCLE (9, 1) Q=0% : H=0 : Visit=0 : 0
CIRCLE (5, 1) Q=0% : H=0 : Visit=0 : 0
CIRCLE (1, 6) Q=0% : H=0 : Visit=0 : 0
CIRCLE (1, 8) Q=0% : H=0 : Visit=0 : 0
CIRCLE (13, 9) Q=0% : H=0 : Visit=0 : 0
CIRCLE (1, 7) Q=0% : H=0 : Visit=0 : 0
CIRCLE (13, 10) Q=0% : H=0 : Visit=0 : 0
  _   _   _   _   _   _   _   _   _   _   _   _   _   _   _ 
  _   _   _   _   _   _   _   _   _   _   _   _   _   _   _ 
  _   _   _   _   _   _   _   _   _   _   _   _   _   _   _ 
  _   _   _   _   _   _   _   _   _   _   _   _   _   _   _ 
  _   _   _   _   _   _   _   _   _   _   _   _   _   _   _ 
  _   _   _   _   _   _   _   _   _   _   _   _   _   _   _ 
  _   _   _   _   _   _   _   _   _   _    1  _   _   _   _ 
  _   _   _   _   _   _   _   _   _   _    2  _   _   _   X 
  _   _   _   _   _   _   _   _   _   _   50   5  _   _   O 
  _   _   _   _   _   _   _   _    7  10 650 118  _   _   _ 
  _   _   _   _   _   _   _   _   _   72  74   1  _   _   _ 
  _   _   _   _   _   _   _   _   _   _   _   _   _   _   _ 
  _   _   _   _   _   _   _   _   _   _   _   X   _   _   _ 
  _   _   _   _   _   _   _   _   _   _   _   _   _   _   _ 
  _   _   _   _   _   _   _   _   _   _   _   _   _   _   _ 

nodes used 0k / 39M (0%)
memory = 1193.87 MB
0 : CROSS  (-1, -1) Q=64.9% : H=1 : Visit=1 : 222
1 : CIRCLE (9, 10) Q=0% : H=0.65 : Visit=0 : 0
Total 1 move ahead
----NNCACHE-INFO----
memory = 0.0180206 MB / 795.912MB
stored = 16 elements
calls  = 16
hits   = 0 (0%)
--------------------
Answered : MESSAGE depth 1-1 ev 35.0 n 16 n/s 3999 tm 4 pv Oj10
Answered : 10,9
Got : INFO time_left 59911
Got : TURN 9,9
Overall 220 children
sum of visits = 1411
BEST
CIRCLE (10, 9) Q=49.9% : H=0.065 : Visit=923 : 23
CIRCLE (8, 8) Q=38.9% : H=0.67 : Visit=329 : 25
CIRCLE (10, 8) Q=41.6% : H=0.155 : Visit=112 : 26
CIRCLE (8, 10) Q=39.2% : H=0.047 : Visit=23 : 18
CIRCLE (10, 10) Q=38.7% : H=0.02 : Visit=9 : 21
CIRCLE (11, 9) Q=33.7% : H=0.008 : Visit=2 : 28
CIRCLE (10, 11) Q=28.4% : H=0 : Visit=2 : 23
CIRCLE (8, 9) Q=26.3% : H=0.008 : Visit=2 : 19
CIRCLE (7, 9) Q=18.6% : H=0.017 : Visit=2 : 24
CIRCLE (9, 8) Q=40.6% : H=0.001 : Visit=1 : 25
WORST
CIRCLE (13, 13) Q=0% : H=0 : Visit=0 : 0
CIRCLE (11, 12) Q=0% : H=0 : Visit=0 : 0
CIRCLE (9, 13) Q=0% : H=0 : Visit=0 : 0
CIRCLE (14, 10) Q=0% : H=0 : Visit=0 : 0
CIRCLE (12, 8) Q=0% : H=0 : Visit=0 : 0
CIRCLE (7, 6) Q=0% : H=0 : Visit=0 : 0
CIRCLE (10, 13) Q=0% : H=0 : Visit=0 : 0
CIRCLE (9, 14) Q=0% : H=0 : Visit=0 : 0
CIRCLE (9, 6) Q=0% : H=0 : Visit=0 : 0
CIRCLE (8, 13) Q=0% : H=0 : Visit=0 : 0
  _   _   _   _   _   _   _   _   _   _   _   _   _   _   _ 
  _   _   _   _   _   _   _   _   _   _   _   _   _   _   _ 
  _   _   _   _   _   _   _   _   _   _   _   _   _   _   _ 
  _   _   _   _   _   _   _   _   _   _   _   _   _   _   _ 
  _   _   _   _   _   _   _   _   _   _   _   _   _   _   _ 
  _   _   _   _   _   _   _   _   _   _   _   _   _   _   _ 
  _   _   _   _   _   _   _   _   _   _   _   _   _   _   _ 
  _   _   _   _   _   _   _   _   _    1  _   _   _   _   X 
  _   _   _   _   _   _   _   _  233   1  16  _   _   _   O 
  _   _   _   _   _   _   _   _   _   X   O   _   _   _   _ 
  _   _   _   _   _   _   _   _   79 654   6   1  _   _   _ 
  _   _   _   _   _   _   _   _   _    1  _   _   _   _   _ 
  _   _   _   _   _   _   _   _   _   _   _   X   _   _   _ 
  _   _   _   _   _   _   _   _   _   _   _   _   _   _   _ 
  _   _   _   _   _   _   _   _   _   _   _   _   _   _   _ 

nodes used 35k / 39M (0%)
memory = 1193.87 MB
0 : CROSS  (-1, -1) Q=53.7% : H=1 : Visit=1412 : 220
1 : CIRCLE (10, 9) Q=49.9% : H=0.065 : Visit=923 : 23
2 : CROSS  (8, 11) Q=50.8% : H=0.389 : Visit=462 : 23
3 : CIRCLE (10, 8) Q=55.2% : H=0.061 : Visit=279 : 20
4 : CROSS  (10, 7) Q=46.6% : H=0.41 : Visit=142 : 29
5 : CIRCLE (8, 8) Q=54.8% : H=0.824 : Visit=127 : 26
6 : CROSS  (7, 8) Q=44.8% : H=0.574 : Visit=69 : 33
7 : CIRCLE (8, 6) Q=58.6% : H=0.498 : Visit=45 : 28
8 : CROSS  (9, 7) Q=45% : H=0.68 : Visit=38 : 24
9 : CIRCLE (8, 7) Q=57.8% : H=0.788 : Visit=33 : 6
10 : CROSS  (8, 5) Q=43.7% : H=0.766 : Visit=26 : 33
11 : CIRCLE (11, 8) Q=62.9% : H=0.287 : Visit=12 : 20
12 : CROSS  (9, 8) Q=32.5% : H=0.693 : Visit=8 : 32
13 : CIRCLE (11, 6) Q=73.7% : H=0.659 : Visit=6 : 34
14 : CROSS  (12, 7) Q=34.4% : H=0.27 : Visit=2 : 32
15 : CIRCLE (9, 5) Q=64.9% : H=0.648 : Visit=1 : 26
16 : CROSS  (6, 8) Q=0% : H=0 : Visit=0 : 0
Total 16 moves ahead
----NNCACHE-INFO----
memory = 1.71196 MB / 795.912MB
stored = 1475 elements
calls  = 3112
hits   = 295 (9.4%)
--------------------
Answered : MESSAGE depth 1-16 ev 46.2 n 1451 n/s 536 tm 2704 pv Ok9 Xi11 Ok8 Xk7 Oi8 Xh8 Oi6 Xj7 Oi7 Xi5 Ol8 Xj8 Ol6 Xm7 Oj5 Xg8
Answered : 9,10
Got : INFO time_left 57101
Got : TURN 8,11
Overall 218 children
sum of visits = 2832
BEST
CIRCLE (8, 10) Q=51.7% : H=0.459 : Visit=2656 : 23
CIRCLE (8, 8) Q=29.9% : H=0.428 : Visit=135 : 26
CIRCLE (8, 11) Q=39.9% : H=0.039 : Visit=20 : 27
CIRCLE (8, 9) Q=22.4% : H=0.019 : Visit=4 : 19
CIRCLE (7, 10) Q=22% : H=0.018 : Visit=4 : 23
CIRCLE (10, 10) Q=29.2% : H=0.005 : Visit=2 : 17
CIRCLE (10, 8) Q=26.7% : H=0.01 : Visit=2 : 25
CIRCLE (10, 7) Q=26.3% : H=0.007 : Visit=2 : 24
CIRCLE (11, 7) Q=37.1% : H=0.001 : Visit=1 : 32
CIRCLE (10, 11) Q=34.9% : H=0.001 : Visit=1 : 23
WORST
CIRCLE (8, 6) Q=0% : H=0 : Visit=0 : 0
CIRCLE (10, 14) Q=0% : H=0 : Visit=0 : 0
CIRCLE (13, 10) Q=0% : H=0 : Visit=0 : 0
CIRCLE (11, 13) Q=0% : H=0 : Visit=0 : 0
CIRCLE (11, 12) Q=0% : H=0 : Visit=0 : 0
CIRCLE (7, 13) Q=0% : H=0 : Visit=0 : 0
CIRCLE (9, 5) Q=0% : H=0 : Visit=0 : 0
CIRCLE (12, 7) Q=0% : H=0 : Visit=0 : 0
CIRCLE (13, 8) Q=0% : H=0 : Visit=0 : 0
CIRCLE (13, 9) Q=0% : H=0 : Visit=0 : 0
  _   _   _   _   _   _   _   _   _   _   _   _   _   _   _ 
  _   _   _   _   _   _   _   _   _   _   _   _   _   _   _ 
  _   _   _   _   _   _   _   _   _   _   _   _   _   _   _ 
  _   _   _   _   _   _   _   _   _   _   _   _   _   _   _ 
  _   _   _   _   _   _   _   _   _   _   _   _   _   _   _ 
  _   _   _   _   _   _   _   _   _   _   _   _   _   _   _ 
  _   _   _   _   _   _   _   _   _   _   _   _   _   _   _ 
  _   _   _   _   _   _   _   _   _   _    1  _   _   _   X 
  _   _   _   _   _   _   _   _   47   1 937   7  _   _   O 
  _   _   _   _   _   _   _   _   _   X   O   _   _   _   _ 
  _   _   _   _   _   _   _   _   _   O   _   _   _   _   _ 
  _   _   _   _   _   _   _   _   X   _   _   _   _   _   _ 
  _   _   _   _   _   _   _   _   _   _   _   X   _   _   _ 
  _   _   _   _   _   _   _   _   _   _   _   _   _   _   _ 
  _   _   _   _   _   _   _   _   _   _   _   _   _   _   _ 

nodes used 78k / 39M (0.2%)
memory = 1193.87 MB
0 : CROSS  (-1, -1) Q=49.5% : H=1 : Visit=2833 : 218
1 : CIRCLE (8, 10) Q=51.7% : H=0.459 : Visit=2656 : 23
2 : CROSS  (10, 10) Q=46% : H=0.366 : Visit=1363 : 20
3 : CIRCLE (8, 11) Q=58.1% : H=0.047 : Visit=940 : 28
4 : CROSS  (11, 11) Q=43.1% : H=0.451 : Visit=619 : 15
5 : CIRCLE (8, 12) Q=64.2% : H=0.039 : Visit=367 : 1
6 : CROSS  (8, 13) Q=35.7% : H=1 : Visit=367 : 15
7 : CIRCLE (8, 8) Q=64.9% : H=0.907 : Visit=292 : 1
8 : CROSS  (8, 9) Q=35% : H=0.999 : Visit=292 : 28
9 : CIRCLE (7, 12) Q=69.6% : H=0.416 : Visit=239 : 1
10 : CROSS  (6, 13) Q=30.3% : H=0.999 : Visit=239 : 25
11 : CIRCLE (9, 12) Q=70.7% : H=0.923 : Visit=232 : 27
12 : CROSS  (10, 12) Q=32.9% : H=0.444 : Visit=198 : 25
13 : CIRCLE (7, 10) Q=68.8% : H=0.874 : Visit=166 : 44
14 : CROSS  (10, 13) Q=35.7% : H=0.404 : Visit=124 : 29
15 : CIRCLE (6, 10) Q=68.8% : H=0.721 : Visit=107 : 1
16 : CROSS  (5, 10) Q=31.1% : H=0.999 : Visit=107 : 35
17 : CIRCLE (7, 11) Q=96.7% : H=0.015 : Visit=41 : 35
18 : CROSS  (9, 13) Q=1.8% : H=0.402 : Visit=16 : 1
19 : CIRCLE (7, 13) Q=98.1% : H=0.999 : Visit=16 : 1
20 : CROSS  (7, 9) Q=1.8% : H=0.999 : Visit=16 : 28
21 : CIRCLE (6, 12) Q=99.3% : H=0.684 : Visit=11 : 1
22 : CROSS  (5, 12) Q=0.6% : H=1 : Visit=11 : 27
23 : CIRCLE (5, 11) Q=100% : H=0.544 : Visit=6 : 1
24 : CROSS  (4, 10) Q=0% : H=1 : Visit=6 : 1
25 : CIRCLE (6, 11) Q=100% : H=1 : Visit=5 : 2
26 : CROSS  (4, 11) Q=0% : H=0.5 : Visit=2 : 1
27 : CIRCLE (9, 11) Q=100% : H=1 : Visit=1 : 0
Total 27 moves ahead
----NNCACHE-INFO----
memory = 3.0973 MB / 795.912MB
stored = 2355 elements
calls  = 8347
hits   = 2132 (25.5%)
--------------------
Answered : MESSAGE depth 1-27 ev 50.4 n 3492 n/s 1395 tm 2503 pv Oi10 Xk10 Oi11 Xl11 Oi12 Xi13 Oi8 Xi9 Oh12 Xg13 Oj12 Xk12 Oh10 Xk13 Og10 Xf10 Oh11 Xj13 Oh13 Xh9 Og12 Xf12 Of11 Xe10 Og11 Xe11 Oj11
Answered : 10,8
Got : INFO time_left 54457
Got : TURN 10,10
Overall 216 children
sum of visits = 3260
BEST
CIRCLE (8, 11) Q=55.1% : H=0.047 : Visit=2693 : 28
CIRCLE (8, 8) Q=43.3% : H=0.803 : Visit=527 : 24
CIRCLE (11, 11) Q=24.9% : H=0.139 : Visit=37 : 35
CIRCLE (9, 11) Q=18% : H=0.007 : Visit=1 : 25
CIRCLE (8, 9) Q=12.2% : H=0 : Visit=1 : 19
CIRCLE (8, 12) Q=6.9% : H=0 : Visit=1 : 23
CIRCLE (11, 9) Q=0% : H=0 : Visit=0 : 0
CIRCLE (6, 10) Q=0% : H=0 : Visit=0 : 0
CIRCLE (7, 8) Q=0% : H=0 : Visit=0 : 0
CIRCLE (10, 11) Q=0% : H=0 : Visit=0 : 0
WORST
CIRCLE (6, 12) Q=0% : H=0 : Visit=0 : 0
CIRCLE (13, 7) Q=0% : H=0 : Visit=0 : 0
CIRCLE (8, 6) Q=0% : H=0 : Visit=0 : 0
CIRCLE (6, 14) Q=0% : H=0 : Visit=0 : 0
CIRCLE (9, 6) Q=0% : H=0 : Visit=0 : 0
CIRCLE (12, 7) Q=0% : H=0 : Visit=0 : 0
CIRCLE (7, 13) Q=0% : H=0 : Visit=0 : 0
CIRCLE (9, 14) Q=0% : H=0 : Visit=0 : 0
CIRCLE (5, 11) Q=0% : H=0 : Visit=0 : 0
CIRCLE (13, 8) Q=0% : H=0 : Visit=0 : 0
  _   _   _   _   _   _   _   _   _   _   _   _   _   _   _ 
  _   _   _   _   _   _   _   _   _   _   _   _   _   _   _ 
  _   _   _   _   _   _   _   _   _   _   _   _   _   _   _ 
  _   _   _   _   _   _   _   _   _   _   _   _   _   _   _ 
  _   _   _   _   _   _   _   _   _   _   _   _   _   _   _ 
  _   _   _   _   _   _   _   _   _   _   _   _   _   _   _ 
  _   _   _   _   _   _   _   _   _   _   _   _   _   _   _ 
  _   _   _   _   _   _   _   _   _   _   _   _   _   _   X 
  _   _   _   _   _   _   _   _  161  _   O  826  _   _   O 
  _   _   _   _   _   _   _   _   _   X   O   _   _   _   _ 
  _   _   _   _   _   _   _   _   _   O   X   _   _   _   _ 
  _   _   _   _   _   _   _   _   X   _   _   11  _   _   _ 
  _   _   _   _   _   _   _   _   _   _   _   X   _   _   _ 
  _   _   _   _   _   _   _   _   _   _   _   _   _   _   _ 
  _   _   _   _   _   _   _   _   _   _   _   _   _   _   _ 

nodes used 94k / 39M (0.2%)
memory = 1193.87 MB
0 : CROSS  (-1, -1) Q=47.1% : H=1 : Visit=3261 : 216
1 : CIRCLE (8, 11) Q=55.1% : H=0.047 : Visit=2693 : 28
2 : CROSS  (8, 12) Q=50.2% : H=0.127 : Visit=1512 : 21
3 : CIRCLE (9, 11) Q=51% : H=0.456 : Visit=1011 : 23
4 : CROSS  (11, 11) Q=52.4% : H=0.246 : Visit=847 : 16
5 : CIRCLE (12, 12) Q=48.4% : H=0.334 : Visit=510 : 30
6 : CROSS  (11, 9) Q=60.2% : H=0.071 : Visit=304 : 17
7 : CIRCLE (11, 10) Q=38.3% : H=0.842 : Visit=215 : 31
8 : CROSS  (10, 8) Q=68.7% : H=0.248 : Visit=167 : 29
9 : CIRCLE (8, 8) Q=33% : H=0.288 : Visit=64 : 27
10 : CROSS  (12, 10) Q=78.4% : H=0.186 : Visit=49 : 30
11 : CIRCLE (9, 7) Q=23.5% : H=0.487 : Visit=28 : 25
12 : CROSS  (12, 8) Q=85.6% : H=0.404 : Visit=15 : 40
13 : CIRCLE (13, 8) Q=21.2% : H=0.301 : Visit=6 : 31
14 : CROSS  (12, 9) Q=69.9% : H=0.404 : Visit=2 : 1
15 : CIRCLE (12, 7) Q=30% : H=1 : Visit=2 : 35
16 : CROSS  (13, 11) Q=80.2% : H=0.384 : Visit=1 : 1
17 : CIRCLE (14, 12) Q=19.7% : H=1 : Visit=1 : 29
18 : CROSS  (6, 10) Q=0% : H=0 : Visit=0 : 0
Total 18 moves ahead
----NNCACHE-INFO----
memory = 5.24288 MB / 795.912MB
stored = 3438 elements
calls  = 15620
hits   = 4430 (28.3%)
--------------------
Answered : MESSAGE depth 1-18 ev 52.8 n 4106 n/s 1709 tm 2402 pv Oi11 Xi12 Oj11 Xl11 Om12 Xl9 Ol10 Xk8 Oi8 Xm10 Oj7 Xm8 On8 Xm9 Om7 Xn11 Oo12 Xg10
Answered : 11,8
Got : INFO time_left 51942
Got : TURN 12,8
Overall 214 children
sum of visits = 8879
BEST
CIRCLE (8, 8) Q=42.7% : H=0.321 : Visit=5215 : 27
CIRCLE (9, 11) Q=39.4% : H=0.456 : Visit=2124 : 23
CIRCLE (7, 12) Q=41.5% : H=0.036 : Visit=1375 : 1
CIRCLE (11, 11) Q=26.3% : H=0.154 : Visit=136 : 31
CIRCLE (7, 10) Q=28.7% : H=0.022 : Visit=22 : 26
CIRCLE (11, 9) Q=18% : H=0.006 : Visit=3 : 30
CIRCLE (8, 9) Q=20.3% : H=0 : Visit=1 : 22
CIRCLE (6, 10) Q=14.6% : H=0 : Visit=1 : 23
CIRCLE (6, 11) Q=11.1% : H=0.001 : Visit=1 : 26
CIRCLE (6, 13) Q=2.8% : H=0 : Visit=1 : 1
WORST
CIRCLE (5, 14) Q=0% : H=0 : Visit=0 : 0
CIRCLE (5, 9) Q=0% : H=0 : Visit=0 : 0
CIRCLE (8, 6) Q=0% : H=0 : Visit=0 : 0
CIRCLE (10, 14) Q=0% : H=0 : Visit=0 : 0
CIRCLE (13, 10) Q=0% : H=0 : Visit=0 : 0
CIRCLE (4, 12) Q=0% : H=0 : Visit=0 : 0
CIRCLE (9, 13) Q=0% : H=0 : Visit=0 : 0
CIRCLE (11, 13) Q=0% : H=0 : Visit=0 : 0
CIRCLE (4, 10) Q=0% : H=0 : Visit=0 : 0
CIRCLE (4, 11) Q=0% : H=0 : Visit=0 : 0
  _   _   _   _   _   _   _   _   _   _   _   _   _   _   _ 
  _   _   _   _   _   _   _   _   _   _   _   _   _   _   _ 
  _   _   _   _   _   _   _   _   _   _   _   _   _   _   _ 
  _   _   _   _   _   _   _   _   _   _   _   _   _   _   _ 
  _   _   _   _   _   _   _   _   _   _   _   _   _   _   _ 
  _   _   _   _   _   _   _   _   _   _   _   _   _   _   _ 
  _   _   _   _   _   _   _   _   _   _   _   _   _   _   _ 
  _   _   _   _   _   _   _   _   _   _    2  _  154  _   X 
  _   _   _   _   _   _   _   _  587  _   O   O   X   _   O 
  _   _   _   _   _   _   _   _   _   X   O  239  _   _   _ 
  _   _   _   _   _   _   _   _   _   O   X   _   _   _   _ 
  _   _   _   _   _   _   _   _   X   _   _   15  _   _   _ 
  _   _   _   _   _   _   _   _   _   _   _   X   _   _   _ 
  _   _   _   _   _   _   _   _   _   _   _   _   _   _   _ 
  _   _   _   _   _   _   _   _   _   _   _   _   _   _   _ 

nodes used 285k / 39M (0.7%)
memory = 1193.87 MB
0 : CROSS  (-1, -1) Q=58.5% : H=1 : Visit=8880 : 214
1 : CIRCLE (8, 8) Q=42.7% : H=0.321 : Visit=5215 : 27
2 : CROSS  (11, 11) Q=59% : H=0.138 : Visit=4789 : 30
3 : CIRCLE (10, 11) Q=42.7% : H=0.115 : Visit=3426 : 20
4 : CROSS  (8, 9) Q=58% : H=0.611 : Visit=3119 : 25
5 : CIRCLE (11, 9) Q=43.4% : H=0.344 : Visit=2698 : 37
6 : CROSS  (7, 12) Q=59% : H=0.066 : Visit=2122 : 27
7 : CIRCLE (7, 10) Q=42.8% : H=0.269 : Visit=1515 : 32
8 : CROSS  (6, 10) Q=58.9% : H=0.455 : Visit=1231 : 26
9 : CIRCLE (6, 8) Q=42.6% : H=0.437 : Visit=880 : 32
10 : CROSS  (5, 8) Q=60% : H=0.167 : Visit=509 : 27
11 : CIRCLE (5, 9) Q=42.9% : H=0.332 : Visit=259 : 39
12 : CROSS  (7, 7) Q=58.4% : H=0.698 : Visit=217 : 48
13 : CIRCLE (7, 6) Q=47.1% : H=0.265 : Visit=134 : 53
14 : CROSS  (8, 7) Q=54.1% : H=0.325 : Visit=50 : 44
15 : CIRCLE (9, 7) Q=48.5% : H=0.618 : Visit=40 : 47
16 : CROSS  (10, 6) Q=43.8% : H=0.28 : Visit=9 : 53
17 : CIRCLE (6, 6) Q=59.6% : H=0.409 : Visit=6 : 44
18 : CROSS  (5, 6) Q=34% : H=0.228 : Visit=2 : 41
19 : CIRCLE (5, 7) Q=75.3% : H=0.713 : Visit=1 : 30
20 : CROSS  (4, 6) Q=0% : H=0.303 : Visit=0 : 0
Total 20 moves ahead
----NNCACHE-INFO----
memory = 13.8703 MB / 795.912MB
stored = 7876 elements
calls  = 44407
hits   = 17091 (38.4%)
--------------------
Answered : MESSAGE depth 1-20 ev 41.4 n 10695 n/s 4645 tm 2302 pv Oi8 Xl11 Ok11 Xi9 Ol9 Xh12 Oh10 Xg10 Og8 Xf8 Of9 Xh7 Oh6 Xi7 Oj7 Xk6 Og6 Xf6 Of7 Xe6
Answered : 8,8
Got : INFO time_left 49566
Got : TURN 11,11
Overall 212 children
sum of visits = 10737
BEST
CIRCLE (10, 11) Q=41.7% : H=0.115 : Visit=8869 : 20
CIRCLE (8, 9) Q=34.6% : H=0.306 : Visit=739 : 1
CIRCLE (9, 11) Q=33.6% : H=0.326 : Visit=688 : 33
CIRCLE (11, 9) Q=36.1% : H=0.072 : Visit=221 : 29
CIRCLE (7, 12) Q=32.7% : H=0.064 : Visit=122 : 1
CIRCLE (7, 8) Q=28.9% : H=0.016 : Visit=23 : 28
CIRCLE (8, 7) Q=19% : H=0.027 : Visit=21 : 1
CIRCLE (7, 10) Q=15.9% : H=0.027 : Visit=18 : 32
CIRCLE (6, 10) Q=16.9% : H=0.02 : Visit=15 : 32
CIRCLE (11, 10) Q=18% : H=0.013 : Visit=10 : 34
WORST
CIRCLE (12, 13) Q=0% : H=0 : Visit=0 : 0
CIRCLE (11, 14) Q=0% : H=0 : Visit=0 : 0
CIRCLE (13, 9) Q=0% : H=0 : Visit=0 : 0
CIRCLE (7, 6) Q=0% : H=0 : Visit=0 : 0
CIRCLE (13, 13) Q=0% : H=0 : Visit=0 : 0
CIRCLE (12, 14) Q=0% : H=0 : Visit=0 : 0
CIRCLE (4, 10) Q=0% : H=0 : Visit=0 : 0
CIRCLE (14, 10) Q=0% : H=0 : Visit=0 : 0
CIRCLE (14, 12) Q=0% : H=0 : Visit=0 : 0
CIRCLE (14, 11) Q=0% : H=0 : Visit=0 : 0
  _   _   _   _   _   _   _   _   _   _   _   _   _   _   _ 
  _   _   _   _   _   _   _   _   _   _   _   _   _   _   _ 
  _   _   _   _   _   _   _   _   _   _   _   _   _   _   _ 
  _   _   _   _   _   _   _   _   _   _   _   _   _   _   _ 
  _   _   _   _   _   _   _   _   _   _   _   _   _   _   _ 
  _   _   _   _   _   _   _   _   _   _   _   _   _   _   _ 
  _   _   _   _   _   _   _   _   _   _    1  _   _   _   _ 
  _   _   _   _   _   _   _   _    2  _    1  _   11  _   X 
  _   _   _   _   _   _   _    1  O   68  O   O   X   _   O 
  _   _   _   _   _   _   _   _   _   X   O   64  _   _   _ 
  _   _   _   _   _   _   _   _   _   O   X  826  _   _   _ 
  _   _   _   _   _   _   _   _   X   20  _   X   _   _   _ 
  _   _   _   _   _   _   _   _   _   _   _   X   _   _   _ 
  _   _   _   _   _   _   _   _   _   _   _   _   _   _   _ 
  _   _   _   _   _   _   _   _   _   _   _   _   _   _   _ 

nodes used 394k / 39M (1%)
memory = 1193.87 MB
0 : CROSS  (-1, -1) Q=59.6% : H=1 : Visit=10738 : 212
1 : CIRCLE (10, 11) Q=41.7% : H=0.115 : Visit=8869 : 20
2 : CROSS  (8, 9) Q=58.9% : H=0.611 : Visit=8457 : 25
3 : CIRCLE (11, 9) Q=42% : H=0.344 : Visit=6210 : 37
4 : CROSS  (7, 12) Q=59.7% : H=0.066 : Visit=5303 : 27
5 : CIRCLE (7, 10) Q=41.6% : H=0.269 : Visit=4304 : 32
6 : CROSS  (6, 10) Q=59.4% : H=0.455 : Visit=3853 : 26
7 : CIRCLE (5, 9) Q=42.4% : H=0.13 : Visit=2447 : 38
8 : CROSS  (6, 8) Q=60.2% : H=0.045 : Visit=1385 : 40
9 : CIRCLE (6, 9) Q=38.7% : H=0.564 : Visit=604 : 13
10 : CROSS  (5, 8) Q=62.7% : H=0.551 : Visit=458 : 52
11 : CIRCLE (7, 6) Q=38.8% : H=0.341 : Visit=211 : 53
12 : CROSS  (8, 7) Q=65.4% : H=0.362 : Visit=149 : 53
13 : CIRCLE (7, 5) Q=37.6% : H=0.287 : Visit=60 : 57
14 : CROSS  (9, 12) Q=63.2% : H=0.406 : Visit=26 : 33
15 : CIRCLE (10, 12) Q=37.5% : H=0.907 : Visit=24 : 64
16 : CROSS  (4, 9) Q=67% : H=0.382 : Visit=12 : 42
17 : CIRCLE (3, 8) Q=36.5% : H=0.48 : Visit=8 : 60
18 : CROSS  (3, 10) Q=63.5% : H=0.645 : Visit=6 : 34
19 : CIRCLE (2, 11) Q=40.5% : H=0.966 : Visit=5 : 67
20 : CROSS  (4, 10) Q=61.6% : H=0.298 : Visit=3 : 43
21 : CIRCLE (4, 11) Q=38.6% : H=0.643 : Visit=2 : 68
22 : CROSS  (5, 11) Q=63.5% : H=0.341 : Visit=1 : 42
23 : CIRCLE (2, 8) Q=0% : H=0 : Visit=0 : 0
Total 23 moves ahead
----NNCACHE-INFO----
memory = 13.8703 MB / 795.912MB
stored = 10368 elements
calls  = 63084
hits   = 28058 (44.4%)
--------------------
Answered : MESSAGE depth 1-23 ev 40.3 n 12107 n/s 5753 tm 2104 pv Ok11 Xi9 Ol9 Xh12 Oh10 Xg10 Of9 Xg8 Og9 Xf8 Oh6 Xi7 Oh5 Xj12 Ok12 Xe9 Od8 Xd10 Oc11 Xe10 Oe11 Xf11 Oc8
Answered : 11,10
Got : INFO time_left 47366
Got : TURN 12,11
Overall 210 children
sum of visits = 4298
BEST
CIRCLE (8, 9) Q=80.7% : H=0.144 : Visit=4120 : 1
CIRCLE (9, 11) Q=48.5% : H=0.282 : Visit=82 : 31
CIRCLE (11, 10) Q=18.4% : H=0.295 : Visit=44 : 28
CIRCLE (7, 12) Q=37.8% : H=0.133 : Visit=29 : 1
CIRCLE (11, 9) Q=9% : H=0.116 : Visit=15 : 29
CIRCLE (7, 8) Q=20.1% : H=0.003 : Visit=1 : 24
CIRCLE (7, 10) Q=13.8% : H=0 : Visit=1 : 32
CIRCLE (8, 7) Q=6.2% : H=0.011 : Visit=1 : 1
CIRCLE (9, 12) Q=3.7% : H=0.001 : Visit=1 : 35
CIRCLE (6, 10) Q=3.7% : H=0 : Visit=1 : 26
WORST
CIRCLE (13, 8) Q=0% : H=0 : Visit=0 : 0
CIRCLE (12, 7) Q=0% : H=0 : Visit=0 : 0
CIRCLE (14, 10) Q=0% : H=0 : Visit=0 : 0
CIRCLE (12, 14) Q=0% : H=0 : Visit=0 : 0
CIRCLE (14, 12) Q=0% : H=0 : Visit=0 : 0
CIRCLE (5, 14) Q=0% : H=0 : Visit=0 : 0
CIRCLE (13, 14) Q=0% : H=0 : Visit=0 : 0
CIRCLE (9, 14) Q=0% : H=0 : Visit=0 : 0
CIRCLE (11, 14) Q=0% : H=0 : Visit=0 : 0
CIRCLE (10, 14) Q=0% : H=0 : Visit=0 : 0
  _   _   _   _   _   _   _   _   _   _   _   _   _   _   _ 
  _   _   _   _   _   _   _   _   _   _   _   _   _   _   _ 
  _   _   _   _   _   _   _   _   _   _   _   _   _   _   _ 
  _   _   _   _   _   _   _   _   _   _   _   _   _   _   _ 
  _   _   _   _   _   _   _   _   _   _   _   _   _   _   _ 
  _   _   _   _   _   _   _   _   _   _   _   _   _   _   _ 
  _   _   _   _   _   _   _   _   _   _   _   _   _   _   _ 
  _   _   _   _   _   _   _   _   _   _   _   _    6  _   X 
  _   _   _   _   _   _   _   _   O  958  O   O   X   _   O 
  _   _   _   _   _   _   _   _   _   X   O   19  _   _   _ 
  _   _   _   _   _   _   _   _   _   O   X   O   _   _   _ 
  _   _   _   _   _   _   _   _   X    3  10  X   X   _   _ 
  _   _   _   _   _   _   _   _   _   _   _   X   _   _   _ 
  _   _   _   _   _   _   _   _   _   _   _   _   _   _   _ 
  _   _   _   _   _   _   _   _   _   _   _   _   _   _   _ 

nodes used 79k / 39M (0.2%)
memory = 1193.87 MB
0 : CROSS  (-1, -1) Q=21.2% : H=1 : Visit=4299 : 210
1 : CIRCLE (8, 9) Q=80.7% : H=0.144 : Visit=4120 : 1
2 : CROSS  (8, 7) Q=19.2% : H=1 : Visit=4120 : 29
3 : CIRCLE (9, 11) Q=82.3% : H=0.325 : Visit=3812 : 32
4 : CROSS  (12, 12) Q=18.6% : H=0.245 : Visit=1684 : 1
5 : CIRCLE (13, 13) Q=81.3% : H=1 : Visit=1684 : 32
6 : CROSS  (11, 10) Q=19.6% : H=0.278 : Visit=666 : 1
7 : CIRCLE (11, 9) Q=80.3% : H=1 : Visit=666 : 31
8 : CROSS  (10, 12) Q=20.5% : H=0.426 : Visit=355 : 1
9 : CIRCLE (9, 12) Q=79.4% : H=1 : Visit=355 : 36
10 : CROSS  (10, 13) Q=25.7% : H=0.109 : Visit=158 : 31
11 : CIRCLE (7, 8) Q=81.1% : H=0.201 : Visit=84 : 1
12 : CROSS  (6, 7) Q=18.8% : H=0.999 : Visit=84 : 32
13 : CIRCLE (7, 12) Q=87.6% : H=0.357 : Visit=63 : 1
14 : CROSS  (6, 13) Q=12.3% : H=0.999 : Visit=63 : 31
15 : CIRCLE (7, 11) Q=97.4% : H=0.31 : Visit=47 : 1
16 : CROSS  (6, 11) Q=2.5% : H=1 : Visit=47 : 25
17 : CIRCLE (7, 10) Q=99.9% : H=0.557 : Visit=28 : 1
18 : CROSS  (7, 9) Q=0% : H=0.999 : Visit=28 : 23
19 : CIRCLE (5, 8) Q=100% : H=0.94 : Visit=27 : 1
20 : CROSS  (6, 9) Q=0% : H=1 : Visit=27 : 1
21 : CIRCLE (6, 8) Q=100% : H=0.999 : Visit=26 : 2
22 : CROSS  (4, 8) Q=0% : H=0.5 : Visit=13 : 1
23 : CIRCLE (9, 8) Q=100% : H=1 : Visit=12 : 0
Total 23 moves ahead
----NNCACHE-INFO----
memory = 14.4706 MB / 795.912MB
stored = 1340 elements
calls  = 71653
hits   = 30551 (42.6%)
--------------------
Answered : MESSAGE depth 1-23 ev 78.7 n 5980 n/s 2847 tm 2100 pv Oi9 Xi7 Oj11 Xm12 On13 Xl10 Ol9 Xk12 Oj12 Xk13 Oh8 Xg7 Oh12 Xg13 Oh11 Xg11 Oh10 Xh9 Of8 Xg9 Og8 Xe8 Oj8
Answered : 9,8
Got : INFO time_left 45225
Got : TURN 7,8
Overall 208 children
sum of visits = 10582
BEST
CIRCLE (9, 11) Q=83.1% : H=0.325 : Visit=8273 : 32
CIRCLE (7, 8) Q=80.5% : H=0.363 : Visit=2032 : 1
CIRCLE (7, 12) Q=73.1% : H=0.137 : Visit=227 : 1
CIRCLE (11, 10) Q=14.9% : H=0.092 : Visit=23 : 28
CIRCLE (11, 9) Q=6.9% : H=0.06 : Visit=13 : 30
CIRCLE (7, 10) Q=17.2% : H=0.002 : Visit=1 : 34
CIRCLE (6, 11) Q=17.2% : H=0 : Visit=1 : 28
CIRCLE (6, 8) Q=16.7% : H=0 : Visit=1 : 26
CIRCLE (9, 8) Q=12.9% : H=0.001 : Visit=1 : 27
CIRCLE (6, 10) Q=11.2% : H=0 : Visit=1 : 32
WORST
CIRCLE (13, 13) Q=0% : H=0 : Visit=0 : 0
CIRCLE (10, 14) Q=0% : H=0 : Visit=0 : 0
CIRCLE (14, 13) Q=0% : H=0 : Visit=0 : 0
CIRCLE (9, 6) Q=0% : H=0 : Visit=0 : 0
CIRCLE (11, 7) Q=0% : H=0 : Visit=0 : 0
CIRCLE (14, 11) Q=0% : H=0 : Visit=0 : 0
CIRCLE (4, 8) Q=0% : H=0 : Visit=0 : 0
CIRCLE (14, 12) Q=0% : H=0 : Visit=0 : 0
CIRCLE (11, 14) Q=0% : H=0 : Visit=0 : 0
CIRCLE (14, 10) Q=0% : H=0 : Visit=0 : 0
  _   _   _   _   _   _   _   _   _   _   _   _   _   _   _ 
  _   _   _   _   _   _   _   _   _   _   _   _   _   _   _ 
  _   _   _   _   _   _   _   _   _   _   _   _   _   _   _ 
  _   _   _   _   _   _   _   _   _   _   _   _   _   _   _ 
  _   _   _   _   _   _   _   _   _   _   _   _   _   _   _ 
  _   _   _   _   _   _   _   _   _   _   _   _   _   _   _ 
  _   _   _   _   _   _   _   _   _   _   _   _   _   _   _ 
  _   _   _   _   _   _   _   _  192  _   _   _   21  _   X 
  _   _   _   _   _   _   _   X   O   O   O   O   X   _   O 
  _   _   _   _   _   _   _   _   _   X   O  781  _   _   _ 
  _   _   _   _   _   _   _   _   _   O   X   O   _   _   _ 
  _   _   _   _   _   _   _   _   X    1   2  X   X   _   _ 
  _   _   _   _   _   _   _   _   _   _   _   X   _   _   _ 
  _   _   _   _   _   _   _   _   _   _   _   _   _   _   _ 
  _   _   _   _   _   _   _   _   _   _   _   _   _   _   _ 

nodes used 197k / 39M (0.5%)
memory = 1193.87 MB
0 : CROSS  (-1, -1) Q=17.8% : H=1 : Visit=10583 : 208
1 : CIRCLE (9, 11) Q=83.1% : H=0.325 : Visit=8273 : 32
2 : CROSS  (12, 12) Q=18% : H=0.245 : Visit=5028 : 1
3 : CIRCLE (13, 13) Q=81.9% : H=1 : Visit=5028 : 32
4 : CROSS  (10, 12) Q=19.1% : H=0.317 : Visit=3343 : 1
5 : CIRCLE (9, 12) Q=80.8% : H=1 : Visit=3343 : 36
6 : CROSS  (7, 10) Q=20.9% : H=0.138 : Visit=1733 : 32
7 : CIRCLE (6, 11) Q=80.6% : H=0.217 : Visit=694 : 1
8 : CROSS  (7, 11) Q=19.3% : H=1 : Visit=694 : 31
9 : CIRCLE (7, 12) Q=83.1% : H=0.44 : Visit=559 : 1
10 : CROSS  (6, 13) Q=16.8% : H=1 : Visit=559 : 32
11 : CIRCLE (5, 10) Q=85.3% : H=0.454 : Visit=385 : 31
12 : CROSS  (8, 13) Q=19.4% : H=0.161 : Visit=272 : 30
13 : CIRCLE (6, 8) Q=85.6% : H=0.242 : Visit=180 : 43
14 : CROSS  (6, 7) Q=22.9% : H=0.027 : Visit=92 : 36
15 : CIRCLE (5, 8) Q=87.7% : H=0.114 : Visit=54 : 44
16 : CROSS  (11, 10) Q=11.1% : H=0.493 : Visit=26 : 1
17 : CIRCLE (11, 9) Q=88.8% : H=0.999 : Visit=26 : 38
18 : CROSS  (7, 8) Q=23.6% : H=0.135 : Visit=12 : 26
19 : CIRCLE (7, 9) Q=84.4% : H=0.435 : Visit=7 : 1
20 : CROSS  (5, 7) Q=15.5% : H=1 : Visit=7 : 39
21 : CIRCLE (4, 9) Q=99.2% : H=0.324 : Visit=4 : 1
22 : CROSS  (3, 8) Q=0.7% : H=1 : Visit=4 : 29
23 : CIRCLE (5, 9) Q=99.9% : H=0.917 : Visit=3 : 1
24 : CROSS  (6, 9) Q=0% : H=1 : Visit=3 : 22
25 : CIRCLE (5, 11) Q=100% : H=0.992 : Visit=2 : 1
26 : CROSS  (5, 12) Q=0% : H=1 : Visit=2 : 1
27 : CIRCLE (6, 10) Q=100% : H=1 : Visit=1 : 2
28 : CROSS  (4, 12) Q=0% : H=0.5 : Visit=0 : 0
Total 28 moves ahead
----NNCACHE-INFO----
memory = 14.4706 MB / 795.912MB
stored = 2613 elements
calls  = 85846
hits   = 36256 (42.2%)
--------------------
Answered : MESSAGE depth 1-28 ev 82.1 n 14464 n/s 7612 tm 1900 pv Oj11 Xm12 On13 Xk12 Oj12 Xh10 Og11 Xh11 Oh12 Xg13 Of10 Xi13 Og8 Xg7 Of8 Xl10 Ol9 Xh8 Oh9 Xf7 Oe9 Xd8 Of9 Xg9 Of11 Xf12 Og10 Xe12
Answered : 11,9
Got : INFO time_left 43255
Got : TURN 10,11
 _ _ _ _ _ _ _ _ _ _ _ _ _ _ _ 
 _ _ _ _ _ _ _ _ _ _ _ _ _ _ _ 
 _ _ _ _ _ _ _ _ _ _ _ _ _ _ _ 
 _ _ _ _ _ _ _ _ _ _ _ _ _ _ _ 
 _ _ _ _ _ _ _ _ _ _ _ _ _ _ _ 
 _ _ _ _ _ _ _ _ _ _ _ _ _ _ _ 
 _ _ _ _ _ _ _ _ _ _ _ _ _ _ _ 
 _ _ _ _ _ _ _ _ _ _ _ _ _ _ X 
 _ _ _ _ _ _ _ X O O O O X _ O 
 _ _ _ _ _ _ _ _ _ X O O _ _ _ 
 _ _ _ _ _ _ _ _ _ O X O _ _ _ 
 _ _ _ _ _ _ _ _ X>O<X X X _ _ 
 _ _ _ _ _ _ _ _ _ _ _ X _ _ _ 
 _ _ _ _ _ _ _ _ _ _ _ _ _ _ _ 
 _ _ _ _ _ _ _ _ _ _ _ _ _ _ _ 

Answered : 9,11
Got : INFO time_left 43254
Got : TURN 12,12
 _ _ _ _ _ _ _ _ _ _ _ _ _ _ _ 
 _ _ _ _ _ _ _ _ _ _ _ _ _ _ _ 
 _ _ _ _ _ _ _ _ _ _ _ _ _ _ _ 
 _ _ _ _ _ _ _ _ _ _ _ _ _ _ _ 
 _ _ _ _ _ _ _ _ _ _ _ _ _ _ _ 
 _ _ _ _ _ _ _ _ _ _ _ _ _ _ _ 
 _ _ _ _ _ _ _ _ _ _ _ _ _ _ _ 
 _ _ _ _ _ _ _ _ _ _ _ _ _ _ X 
 _ _ _ _ _ _ _ X O O O O X _ O 
 _ _ _ _ _ _ _ _ _ X O O _ _ _ 
 _ _ _ _ _ _ _ _ _ O X O _ _ _ 
 _ _ _ _ _ _ _ _ X O X X X _ _ 
 _ _ _ _ _ _ _ _ _ _ _ X X _ _ 
 _ _ _ _ _ _ _ _ _ _ _ _ _>O<_ 
 _ _ _ _ _ _ _ _ _ _ _ _ _ _ _ 

Answered : 13,13
Got : INFO time_left 43253
Got : TURN 12,10
 _ _ _ _ _ _ _ _ _ _ _ _ _ _ _ 
 _ _ _ _ _ _ _ _ _ _ _ _ _ _ _ 
 _ _ _ _ _ _ _ _ _ _ _ _ _ _ _ 
 _ _ _ _ _ _ _ _ _ _ _ _ _ _ _ 
 _ _ _ _ _ _ _ _ _ _ _ _ _ _ _ 
 _ _ _ _ _ _ _ _ _ _ _ _ _ _ _ 
 _ _ _ _ _ _ _ _ _ _ _ _ _ _ _ 
 _ _ _ _ _ _ _ _ _ _ _ _ _ _ X 
 _ _ _ _ _ _ _ X O O O O X _ O 
 _ _ _ _ _ _ _ _ _ X O O>O<_ _ 
 _ _ _ _ _ _ _ _ _ O X O X _ _ 
 _ _ _ _ _ _ _ _ X O X X X _ _ 
 _ _ _ _ _ _ _ _ _ _ _ X X _ _ 
 _ _ _ _ _ _ _ _ _ _ _ _ _ O _ 
 _ _ _ _ _ _ _ _ _ _ _ _ _ _ _ 

Answered : 12,9
Got : INFO time_left 43252
Got : TURN 13,10
Overall 200 children
sum of visits = 9832
BEST
CIRCLE (7, 12) Q=97.3% : H=0.154 : Visit=5274 : 1
CIRCLE (9, 13) Q=94.9% : H=0.005 : Visit=3526 : 1
CIRCLE (7, 8) Q=89.4% : H=0.201 : Visit=392 : 1
CIRCLE (6, 11) Q=80.7% : H=0.311 : Visit=296 : 1
CIRCLE (9, 14) Q=83.5% : H=0.226 : Visit=262 : 1
CIRCLE (13, 10) Q=78.4% : H=0.083 : Visit=73 : 32
CIRCLE (7, 11) Q=62.8% : H=0.004 : Visit=2 : 1
CIRCLE (6, 13) Q=56.2% : H=0.006 : Visit=2 : 1
CIRCLE (6, 7) Q=81.4% : H=0 : Visit=1 : 1
CIRCLE (12, 10) Q=0% : H=0.003 : Visit=1 : 1
WORST
CIRCLE (9, 6) Q=0% : H=0 : Visit=0 : 0
CIRCLE (10, 6) Q=0% : H=0 : Visit=0 : 0
CIRCLE (4, 7) Q=0% : H=0 : Visit=0 : 0
CIRCLE (4, 10) Q=0% : H=0 : Visit=0 : 0
CIRCLE (4, 9) Q=0% : H=0 : Visit=0 : 0
CIRCLE (4, 12) Q=0% : H=0 : Visit=0 : 0
CIRCLE (5, 14) Q=0% : H=0 : Visit=0 : 0
CIRCLE (11, 7) Q=0% : H=0 : Visit=0 : 0
CIRCLE (4, 11) Q=0% : H=0 : Visit=0 : 0
CIRCLE (4, 8) Q=0% : H=0 : Visit=0 : 0
  _   _   _   _   _   _   _   _   _   _   _   _   _   _   _ 
  _   _   _   _   _   _   _   _   _   _   _   _   _   _   _ 
  _   _   _   _   _   _   _   _   _   _   _   _   _   _   _ 
  _   _   _   _   _   _   _   _   _   _   _   _   _   _   _ 
  _   _   _   _   _   _   _   _   _   _   _   _   _   _   _ 
  _   _   _   _   _   _   _   _   _   _   _   _   _   _   _ 
  _   _   _   _   _   _   _   _   _   _   _   30  _   _   _ 
  _   _   _   _   _   _   _   _   39  _   _   _  536  _   X 
  _   _   _   _   _   _   _   X   O   O   O   O   X   _   O 
  _   _   _   _   _   _   _   _   _   X   O   O   O  358  26
  _   _   _   _   _   _   _   _   _   O   X   O   X   X   _ 
  _   _   _   _   _   _   _   _   X   O   X   X   X   _   _ 
  _   _   _   _   _   _   _   _   _   _   _   X   X   _   _ 
  _   _   _   _   _   _   _   _   _   _    7  _   _   O   _ 
  _   _   _   _   _   _   _   _   _   _   _   _   _   _   _ 

nodes used 116k / 39M (0.2%)
memory = 1193.87 MB
0 : CROSS  (-1, -1) Q=4.8% : H=1 : Visit=9833 : 200
1 : CIRCLE (7, 12) Q=97.3% : H=0.154 : Visit=5274 : 1
2 : CROSS  (6, 13) Q=2.6% : H=1 : Visit=5274 : 28
3 : CIRCLE (7, 11) Q=99.3% : H=0.063 : Visit=4494 : 1
4 : CROSS  (6, 11) Q=0.6% : H=1 : Visit=4494 : 27
5 : CIRCLE (7, 8) Q=99.5% : H=0.935 : Visit=4445 : 1
6 : CROSS  (6, 7) Q=0.4% : H=1 : Visit=4445 : 25
7 : CIRCLE (7, 10) Q=99.7% : H=0.557 : Visit=2682 : 1
8 : CROSS  (7, 9) Q=0.2% : H=1 : Visit=2682 : 23
9 : CIRCLE (5, 8) Q=100% : H=0.94 : Visit=2598 : 1
10 : CROSS  (6, 9) Q=0% : H=1 : Visit=2598 : 1
11 : CIRCLE (6, 8) Q=100% : H=1 : Visit=2597 : 2
12 : CROSS  (4, 8) Q=0% : H=0.5 : Visit=1298 : 1
13 : CIRCLE (9, 8) Q=100% : H=1 : Visit=1297 : 0
Total 13 moves ahead
----NNCACHE-INFO----
memory = 22.849 MB / 795.912MB
stored = 3610 elements
calls  = 264897
hits   = 108290 (40.8%)
--------------------
Answered : MESSAGE depth 1-13 ev 95.1 n 11552 n/s 6417 tm 1800 pv Oh12 Xg13 Oh11 Xg11 Oh8 Xg7 Oh10 Xh9 Of8 Xg9 Og8 Xe8 Oj8
Answered : 12,7
Got : INFO time_left 41371
Got : TURN 13,6
Overall 198 children
sum of visits = 28631
BEST
CIRCLE (7, 11) Q=99.7% : H=0.063 : Visit=22041 : 1
CIRCLE (7, 8) Q=97.5% : H=0.198 : Visit=3178 : 1
CIRCLE (9, 14) Q=95.8% : H=0.201 : Visit=1870 : 1
CIRCLE (6, 11) Q=87.6% : H=0.476 : Visit=1408 : 1
CIRCLE (13, 10) Q=82.6% : H=0.048 : Visit=101 : 33
CIRCLE (9, 13) Q=93.4% : H=0.004 : Visit=24 : 1
CIRCLE (6, 7) Q=82.8% : H=0 : Visit=1 : 1
CIRCLE (14, 9) Q=15.3% : H=0 : Visit=1 : 32
CIRCLE (7, 10) Q=0% : H=0.002 : Visit=1 : 1
CIRCLE (12, 10) Q=0% : H=0.002 : Visit=1 : 1
WORST
CIRCLE (11, 6) Q=0% : H=0 : Visit=0 : 0
CIRCLE (4, 10) Q=0% : H=0 : Visit=0 : 0
CIRCLE (9, 6) Q=0% : H=0 : Visit=0 : 0
CIRCLE (5, 6) Q=0% : H=0 : Visit=0 : 0
CIRCLE (7, 6) Q=0% : H=0 : Visit=0 : 0
CIRCLE (4, 11) Q=0% : H=0 : Visit=0 : 0
CIRCLE (10, 6) Q=0% : H=0 : Visit=0 : 0
CIRCLE (14, 8) Q=0% : H=0 : Visit=0 : 0
CIRCLE (8, 6) Q=0% : H=0 : Visit=0 : 0
CIRCLE (11, 7) Q=0% : H=0 : Visit=0 : 0
  _   _   _   _   _   _   _   _   _   _   _   _   _   _   _ 
  _   _   _   _   _   _   _   _   _   _   _   _   _   _   _ 
  _   _   _   _   _   _   _   _   _   _   _   _   _   _   _ 
  _   _   _   _   _   _   _   _   _   _   _   _   _   _   _ 
  _   _   _   _   _   _   _   _   _   _   _   _   _   _   _ 
  _   _   _   _   _   _   _   _   _   _   _   _   _   _   _ 
  _   _   _   _   _   _   _   _   _   _   _   49  _   X   _ 
  _   _   _   _   _   _   _   _  110  _   _  769  O   _   X 
  _   _   _   _   _   _   _   X   O   O   O   O   X   _   O 
  _   _   _   _   _   _   _   _   _   X   O   O   O   _   65
  _   _   _   _   _   _   _   _   _   O   X   O   X   X   _ 
  _   _   _   _   _   _   _   _   X   O   X   X   X   _   _ 
  _   _   _   _   _   _   _   _   _   _   _   X   X   _   _ 
  _   _   _   _   _   _   _   _   _   _    3  _   _   O   _ 
  _   _   _   _   _   _   _   _   _   _   _   _   _   _   _ 

nodes used 61k / 39M (0.1%)
memory = 1193.87 MB
0 : CROSS  (-1, -1) Q=1.4% : H=1 : Visit=28632 : 198
1 : CIRCLE (7, 11) Q=99.7% : H=0.063 : Visit=22041 : 1
2 : CROSS  (6, 11) Q=0.2% : H=1 : Visit=22041 : 27
3 : CIRCLE (7, 8) Q=99.7% : H=0.935 : Visit=21703 : 1
4 : CROSS  (6, 7) Q=0.2% : H=1 : Visit=21703 : 25
5 : CIRCLE (7, 10) Q=99.9% : H=0.557 : Visit=13355 : 1
6 : CROSS  (7, 9) Q=0% : H=1 : Visit=13355 : 23
7 : CIRCLE (5, 8) Q=100% : H=0.94 : Visit=12940 : 1
8 : CROSS  (6, 9) Q=0% : H=1 : Visit=12940 : 1
9 : CIRCLE (6, 8) Q=100% : H=1 : Visit=12939 : 2
10 : CROSS  (4, 8) Q=0% : H=0.5 : Visit=6469 : 1
11 : CIRCLE (9, 8) Q=100% : H=1 : Visit=6468 : 0
Total 11 moves ahead
----NNCACHE-INFO----
memory = 22.849 MB / 795.912MB
stored = 1510 elements
calls  = 269794
hits   = 110214 (40.8%)
--------------------
Answered : MESSAGE depth 1-11 ev 98.5 n 29440 n/s 16354 tm 1800 pv Oh11 Xg11 Oh8 Xg7 Oh10 Xh9 Of8 Xg9 Og8 Xe8 Oj8
Answered : 11,7
Got : INFO time_left 39511
Got : TURN 11,6
Overall 196 children
sum of visits = 331235
BEST
CIRCLE (7, 8) Q=99.9% : H=0.935 : Visit=325475 : 1
CIRCLE (9, 14) Q=99.3% : H=0.028 : Visit=5624 : 1
CIRCLE (13, 10) Q=34.9% : H=0.023 : Visit=83 : 34
CIRCLE (9, 13) Q=41.3% : H=0.007 : Visit=31 : 1
CIRCLE (7, 10) Q=0% : H=0.003 : Visit=7 : 1
CIRCLE (6, 7) Q=4.7% : H=0 : Visit=1 : 1
CIRCLE (14, 9) Q=2.6% : H=0 : Visit=1 : 34
CIRCLE (7, 9) Q=0% : H=0 : Visit=1 : 1
CIRCLE (12, 10) Q=0% : H=0 : Visit=1 : 1
CIRCLE (11, 13) Q=0% : H=0 : Visit=1 : 1
WORST
CIRCLE (5, 13) Q=0% : H=0 : Visit=0 : 0
CIRCLE (4, 8) Q=0% : H=0 : Visit=0 : 0
CIRCLE (5, 6) Q=0% : H=0 : Visit=0 : 0
CIRCLE (10, 6) Q=0% : H=0 : Visit=0 : 0
CIRCLE (8, 6) Q=0% : H=0 : Visit=0 : 0
CIRCLE (5, 9) Q=0% : H=0 : Visit=0 : 0
CIRCLE (5, 7) Q=0% : H=0 : Visit=0 : 0
CIRCLE (11, 7) Q=0% : H=0 : Visit=0 : 0
CIRCLE (5, 14) Q=0% : H=0 : Visit=0 : 0
CIRCLE (9, 6) Q=0% : H=0 : Visit=0 : 0
  _   _   _   _   _   _   _   _   _   _   _   _   _   _   _ 
  _   _   _   _   _   _   _   _   _   _   _   _   _   _   _ 
  _   _   _   _   _   _   _   _   _   _   _   _   _   _   _ 
  _   _   _   _   _   _   _   _   _   _   _   _   _   _   _ 
  _   _   _   _   _   _   _   _   _   _   _   _   _   _   _ 
  _   _   _   _   _   _   _   _   _   _   _   _   _   _   _ 
  _   _   _   _   _   _   _   _   _   _   _   X   _   X   _ 
  _   _   _   _   _   _   _   _  982  _   _   O   O   _   X 
  _   _   _   _   _   _   _   X   O   O   O   O   X   _   O 
  _   _   _   _   _   _   _   _   _   X   O   O   O   _   16
  _   _   _   _   _   _   _   _   _   O   X   O   X   X   _ 
  _   _   _   _   _   _   _   _   X   O   X   X   X   _   _ 
  _   _   _   _   _   _   _   _   _   _   _   X   X   _   _ 
  _   _   _   _   _   _   _   _   _   _   _   _   _   O   _ 
  _   _   _   _   _   _   _   _   _   _   _   _   _   _   _ 

nodes used 17k / 39M (0%)
memory = 1193.87 MB
0 : CROSS  (-1, -1) Q=0.1% : H=1 : Visit=331236 : 196
1 : CIRCLE (7, 8) Q=99.9% : H=0.935 : Visit=325475 : 1
2 : CROSS  (6, 7) Q=0% : H=1 : Visit=325475 : 25
3 : CIRCLE (7, 10) Q=99.9% : H=0.557 : Visit=197234 : 1
4 : CROSS  (7, 9) Q=0% : H=1 : Visit=197234 : 23
5 : CIRCLE (5, 8) Q=100% : H=0.94 : Visit=191079 : 1
6 : CROSS  (6, 9) Q=0% : H=1 : Visit=191079 : 1
7 : CIRCLE (6, 8) Q=100% : H=1 : Visit=191078 : 2
8 : CROSS  (4, 8) Q=0% : H=0.5 : Visit=95539 : 1
9 : CIRCLE (9, 8) Q=100% : H=1 : Visit=95538 : 0
Total 9 moves ahead
----NNCACHE-INFO----
memory = 22.849 MB / 795.912MB
stored = 385 elements
calls  = 271669
hits   = 110800 (40.7%)
--------------------
Answered : MESSAGE depth 1-9 ev 99.8 n 331360 n/s 194906 tm 1700 pv Oh8 Xg7 Oh10 Xh9 Of8 Xg9 Og8 Xe8 Oj8
Answered : 8,7
Got : INFO time_left 37788
Got : TURN 7,6
Overall 194 children
sum of visits = 1049041
BEST
CIRCLE (7, 10) Q=99.9% : H=0.557 : Visit=634160 : 1
CIRCLE (7, 9) Q=99.9% : H=0.247 : Visit=288949 : 1
CIRCLE (9, 14) Q=99.8% : H=0.13 : Visit=125513 : 1
CIRCLE (13, 10) Q=19.4% : H=0.042 : Visit=277 : 37
CIRCLE (9, 13) Q=25.3% : H=0.009 : Visit=64 : 1
CIRCLE (6, 8) Q=0% : H=0.006 : Visit=35 : 1
CIRCLE (12, 10) Q=0% : H=0.002 : Visit=13 : 1
CIRCLE (5, 8) Q=0% : H=0.002 : Visit=10 : 1
CIRCLE (9, 8) Q=0% : H=0 : Visit=3 : 1
CIRCLE (6, 10) Q=0% : H=0 : Visit=2 : 1
WORST
CIRCLE (5, 6) Q=0% : H=0 : Visit=0 : 0
CIRCLE (4, 6) Q=0% : H=0 : Visit=0 : 0
CIRCLE (5, 14) Q=0% : H=0 : Visit=0 : 0
CIRCLE (8, 6) Q=0% : H=0 : Visit=0 : 0
CIRCLE (10, 6) Q=0% : H=0 : Visit=0 : 0
CIRCLE (6, 14) Q=0% : H=0 : Visit=0 : 0
CIRCLE (11, 7) Q=0% : H=0 : Visit=0 : 0
CIRCLE (14, 8) Q=0% : H=0 : Visit=0 : 0
CIRCLE (9, 6) Q=0% : H=0 : Visit=0 : 0
CIRCLE (4, 7) Q=0% : H=0 : Visit=0 : 0
  _   _   _   _   _   _   _   _   _   _   _   _   _   _   _ 
  _   _   _   _   _   _   _   _   _   _   _   _   _   _   _ 
  _   _   _   _   _   _   _   _   _   _   _   _   _   _   _ 
  _   _   _   _   _   _   _   _   _   _   _   _   _   _   _ 
  _   _   _   _   _   _   _   _   _   _   _   _   _   _   _ 
  _   _   _   _   _   _   _   _   _   _   _   _   _   _   _ 
  _   _   _   _   _   _   _   X   _   _   _   X   _   X   _ 
  _   _   _   _   _   _   _   _   O  275 604  O   O   _   X 
  _   _   _   _   _   _   _   X   O   O   O   O   X   _   O 
  _   _   _   _   _   _   _   _   _   X   O   O   O   _  119
  _   _   _   _   _   _   _   _   _   O   X   O   X   X   _ 
  _   _   _   _   _   _   _   _   X   O   X   X   X   _   _ 
  _   _   _   _   _   _   _   _   _   _   _   X   X   _   _ 
  _   _   _   _   _   _   _   _   _   _   _   _   _   O   _ 
  _   _   _   _   _   _   _   _   _   _   _   _   _   _   _ 

nodes used 25k / 39M (0%)
memory = 1193.87 MB
0 : CROSS  (-1, -1) Q=0% : H=1 : Visit=1049042 : 194
1 : CIRCLE (7, 10) Q=99.9% : H=0.557 : Visit=634160 : 1
2 : CROSS  (7, 9) Q=0% : H=1 : Visit=634160 : 23
3 : CIRCLE (5, 8) Q=100% : H=0.94 : Visit=614248 : 1
4 : CROSS  (6, 9) Q=0% : H=1 : Visit=614248 : 1
5 : CIRCLE (6, 8) Q=100% : H=1 : Visit=614247 : 2
6 : CROSS  (4, 8) Q=0% : H=0.5 : Visit=307123 : 1
7 : CIRCLE (9, 8) Q=100% : H=1 : Visit=307122 : 0
Total 7 moves ahead
----NNCACHE-INFO----
memory = 22.849 MB / 795.912MB
stored = 498 elements
calls  = 273114
hits   = 111482 (40.8%)
--------------------
Answered : MESSAGE depth 1-7 ev 99.9 n 1049184 n/s 655702 tm 1600 pv Oh10 Xh9 Of8 Xg9 Og8 Xe8 Oj8
Answered : 9,7
Got : INFO time_left 36135
Got : TURN 10,7
Overall 192 children
sum of visits = 1171698
BEST
CIRCLE (6, 8) Q=100% : H=0.985 : Visit=1159594 : 1
CIRCLE (9, 14) Q=99.9% : H=0.01 : Visit=12067 : 1
CIRCLE (13, 10) Q=11.8% : H=0.003 : Visit=20 : 34
CIRCLE (9, 13) Q=15.4% : H=0 : Visit=3 : 1
CIRCLE (5, 7) Q=6.6% : H=0 : Visit=1 : 1
CIRCLE (14, 9) Q=0.9% : H=0 : Visit=1 : 37
CIRCLE (12, 10) Q=0% : H=0 : Visit=1 : 1
CIRCLE (9, 7) Q=0% : H=0 : Visit=1 : 1
CIRCLE (6, 10) Q=0% : H=0 : Visit=1 : 1
CIRCLE (9, 8) Q=0% : H=0 : Visit=1 : 1
WORST
CIRCLE (3, 9) Q=0% : H=0 : Visit=0 : 0
CIRCLE (4, 7) Q=0% : H=0 : Visit=0 : 0
CIRCLE (10, 5) Q=0% : H=0 : Visit=0 : 0
CIRCLE (4, 14) Q=0% : H=0 : Visit=0 : 0
CIRCLE (11, 6) Q=0% : H=0 : Visit=0 : 0
CIRCLE (4, 12) Q=0% : H=0 : Visit=0 : 0
CIRCLE (14, 8) Q=0% : H=0 : Visit=0 : 0
CIRCLE (5, 14) Q=0% : H=0 : Visit=0 : 0
CIRCLE (5, 13) Q=0% : H=0 : Visit=0 : 0
CIRCLE (5, 6) Q=0% : H=0 : Visit=0 : 0
  _   _   _   _   _   _   _   _   _   _   _   _   _   _   _ 
  _   _   _   _   _   _   _   _   _   _   _   _   _   _   _ 
  _   _   _   _   _   _   _   _   _   _   _   _   _   _   _ 
  _   _   _   _   _   _   _   _   _   _   _   _   _   _   _ 
  _   _   _   _   _   _   _   _   _   _   _   _   _   _   _ 
  _   _   _   _   _   _   _   _   _   _   _   _   _   _   _ 
  _   _   _   _   _   _   _   X  989  _   _   X   _   X   _ 
  _   _   _   _   _   _   _   _   O   O   X   O   O   _   X 
  _   _   _   _   _   _   _   X   O   O   O   O   X   _   O 
  _   _   _   _   _   _   _   _   _   X   O   O   O   _   10
  _   _   _   _   _   _   _   _   _   O   X   O   X   X   _ 
  _   _   _   _   _   _   _   _   X   O   X   X   X   _   _ 
  _   _   _   _   _   _   _   _   _   _   _   X   X   _   _ 
  _   _   _   _   _   _   _   _   _   _   _   _   _   O   _ 
  _   _   _   _   _   _   _   _   _   _   _   _   _   _   _ 

nodes used 1k / 39M (0%)
memory = 1193.87 MB
0 : CROSS  (-1, -1) Q=0% : H=1 : Visit=1171699 : 192
1 : CIRCLE (6, 8) Q=100% : H=0.985 : Visit=1159594 : 1
2 : CROSS  (5, 7) Q=0% : H=1 : Visit=1159594 : 2
3 : CIRCLE (5, 8) Q=100% : H=0.5 : Visit=579797 : 2
4 : CROSS  (4, 8) Q=0% : H=0.5 : Visit=289898 : 1
5 : CIRCLE (9, 8) Q=100% : H=1 : Visit=289897 : 0
Total 5 moves ahead
----NNCACHE-INFO----
memory = 22.849 MB / 795.912MB
stored = 66 elements
calls  = 273599
hits   = 111639 (40.8%)
--------------------
Answered : MESSAGE depth 1-5 ev 99.9 n 1171712 n/s 781096 tm 1500 pv Og8 Xf7 Of8 Xe8 Oj8
Answered : 8,6
Got : INFO time_left 34541
Got : TURN 0,1
 _ _ _ _ _ _ _ _ _ _ _ _ _ _ _ 
 X _ _ _ _ _ _ _ _ _ _ _ _ _ _ 
 _ _ _ _ _ _ _ _ _ _ _ _ _ _ _ 
 _ _ _ _ _ _ _ _ _ _ _ _ _ _ _ 
 _ _ _ _ _ _ _ _ _ _ _ _ _ _ _ 
 _ _ _ _ _ _ _>O<_ _ _ _ _ _ _ 
 _ _ _ _ _ _ _ X O _ _ X _ X _ 
 _ _ _ _ _ _ _ _ O O X O O _ X 
 _ _ _ _ _ _ _ X O O O O X _ O 
 _ _ _ _ _ _ _ _ _ X O O O _ _ 
 _ _ _ _ _ _ _ _ _ O X O X X _ 
 _ _ _ _ _ _ _ _ X O X X X _ _ 
 _ _ _ _ _ _ _ _ _ _ _ X X _ _ 
 _ _ _ _ _ _ _ _ _ _ _ _ _ O _ 
 _ _ _ _ _ _ _ _ _ _ _ _ _ _ _ 

Answered : 7,5
Got : INFO time_left 34540
