Compiled on Apr 23 2020 at 02:42:48
Launched in Engine\
Answered : MESSAGE Detected following devices : CPU : GenuineIntel : 4 x AVX with 4043MB of memory
Answered : MESSAGE Using : CPU : GenuineIntel : 4 x AVX with 4043MB of memory
Got : START 15
Answered : OK
Got : INFO max_memory 2146435072
Got : INFO timeout_match 60000
Got : INFO timeout_turn 60000
Got : INFO game_type 0
Got : INFO rule 1
Got : INFO time_left 60000
Got : BOARD
Got : 14,7,2
Got : 14,8,1
Got : 11,12,2
Got : DONE
Overall 222 children
sum of visits = 0
BEST
CIRCLE (9, 10) Q=0% : H=0.65 : Visit=0 : 0
CIRCLE (9, 11) Q=0% : H=0.118 : Visit=0 : 0
CIRCLE (10, 10) Q=0% : H=0.074 : Visit=0 : 0
CIRCLE (10, 9) Q=0% : H=0.072 : Visit=0 : 0
CIRCLE (8, 10) Q=0% : H=0.05 : Visit=0 : 0
CIRCLE (9, 9) Q=0% : H=0.01 : Visit=0 : 0
CIRCLE (9, 8) Q=0% : H=0.007 : Visit=0 : 0
CIRCLE (8, 11) Q=0% : H=0.005 : Visit=0 : 0
CIRCLE (7, 10) Q=0% : H=0.002 : Visit=0 : 0
CIRCLE (6, 10) Q=0% : H=0.001 : Visit=0 : 0
WORST
CIRCLE (7, 1) Q=0% : H=0 : Visit=0 : 0
CIRCLE (3, 6) Q=0% : H=0 : Visit=0 : 0
CIRCLE (6, 1) Q=0% : H=0 : Visit=0 : 0
CIRCLE (9, 1) Q=0% : H=0 : Visit=0 : 0
CIRCLE (5, 1) Q=0% : H=0 : Visit=0 : 0
CIRCLE (1, 6) Q=0% : H=0 : Visit=0 : 0
CIRCLE (1, 8) Q=0% : H=0 : Visit=0 : 0
CIRCLE (13, 9) Q=0% : H=0 : Visit=0 : 0
CIRCLE (1, 7) Q=0% : H=0 : Visit=0 : 0
CIRCLE (13, 10) Q=0% : H=0 : Visit=0 : 0
  _   _   _   _   _   _   _   _   _   _   _   _   _   _   _ 
  _   _   _   _   _   _   _   _   _   _   _   _   _   _   _ 
  _   _   _   _   _   _   _   _   _   _   _   _   _   _   _ 
  _   _   _   _   _   _   _   _   _   _   _   _   _   _   _ 
  _   _   _   _   _   _   _   _   _   _   _   _   _   _   _ 
  _   _   _   _   _   _   _   _   _   _   _   _   _   _   _ 
  _   _   _   _   _   _   _   _   _   _    1  _   _   _   _ 
  _   _   _   _   _   _   _   _   _   _    2  _   _   _   X 
  _   _   _   _   _   _   _   _   _   _   50   5  _   _   O 
  _   _   _   _   _   _   _   _    7  10 650 118  _   _   _ 
  _   _   _   _   _   _   _   _   _   72  74   1  _   _   _ 
  _   _   _   _   _   _   _   _   _   _   _   _   _   _   _ 
  _   _   _   _   _   _   _   _   _   _   _   X   _   _   _ 
  _   _   _   _   _   _   _   _   _   _   _   _   _   _   _ 
  _   _   _   _   _   _   _   _   _   _   _   _   _   _   _ 

nodes used 0k / 39M (0%)
memory = 1193.87 MB
0 : CROSS  (-1, -1) Q=64.9% : H=1 : Visit=1 : 222
1 : CIRCLE (9, 10) Q=0% : H=0.65 : Visit=0 : 0
Total 1 move ahead
----NNCACHE-INFO----
memory = 0.0180206 MB / 795.912MB
stored = 16 elements
calls  = 16
hits   = 0 (0%)
--------------------
Answered : MESSAGE depth 1-1 ev 35.0 n 16 n/s 15997 tm 1 pv Oj10
Answered : 10,9
Got : INFO time_left 59802
Got : TURN 11,12
